d:\detector\srdetector\build\srdet.dir\release\sensitivedetector.obj
d:\detector\srdetector\build\srdet.dir\release\sdhits.obj
d:\detector\srdetector\build\srdet.dir\release\runaction.obj
d:\detector\srdetector\build\srdet.dir\release\primarygeneratoraction.obj
d:\detector\srdetector\build\srdet.dir\release\eventaction.obj
d:\detector\srdetector\build\srdet.dir\release\detectorconstruction.obj
d:\detector\srdetector\build\srdet.dir\release\actioninitialization.obj
d:\detector\srdetector\build\srdet.dir\release\srdet.obj
d:\detector\srdetector\build\cmakefiles\generate.stamp
d:\detector\srdetector\build\release\srdet.exe
d:\detector\srdetector\build\srdet.dir\release\srdet.tlog\cl.command.1.tlog
d:\detector\srdetector\build\srdet.dir\release\srdet.tlog\cl.items.tlog
d:\detector\srdetector\build\srdet.dir\release\srdet.tlog\cl.read.1.tlog
d:\detector\srdetector\build\srdet.dir\release\srdet.tlog\cl.write.1.tlog
d:\detector\srdetector\build\srdet.dir\release\srdet.tlog\custombuild.command.1.tlog
d:\detector\srdetector\build\srdet.dir\release\srdet.tlog\custombuild.read.1.tlog
d:\detector\srdetector\build\srdet.dir\release\srdet.tlog\custombuild.write.1.tlog
d:\detector\srdetector\build\srdet.dir\release\srdet.tlog\link.command.1.tlog
d:\detector\srdetector\build\srdet.dir\release\srdet.tlog\link.read.1.tlog
d:\detector\srdetector\build\srdet.dir\release\srdet.tlog\link.secondary.1.tlog
d:\detector\srdetector\build\srdet.dir\release\srdet.tlog\link.write.1.tlog
