d:\detector\srdetector\build\srdet.dir\debug\vc143.pdb
d:\detector\srdetector\build\srdet.dir\debug\sensitivedetector.obj
d:\detector\srdetector\build\srdet.dir\debug\sdhits.obj
d:\detector\srdetector\build\srdet.dir\debug\runaction.obj
d:\detector\srdetector\build\srdet.dir\debug\primarygeneratoraction.obj
d:\detector\srdetector\build\srdet.dir\debug\eventaction.obj
d:\detector\srdetector\build\srdet.dir\debug\detectorconstruction.obj
d:\detector\srdetector\build\srdet.dir\debug\actioninitialization.obj
d:\detector\srdetector\build\srdet.dir\debug\srdet.obj
d:\detector\srdetector\build\cmakefiles\generate.stamp
d:\detector\srdetector\build\debug\srdet.exe
d:\detector\srdetector\build\debug\srdet.pdb
d:\detector\srdetector\build\srdet.dir\debug\srdet.ilk
d:\detector\srdetector\build\srdet.dir\debug\srdet.tlog\cl.command.1.tlog
d:\detector\srdetector\build\srdet.dir\debug\srdet.tlog\cl.items.tlog
d:\detector\srdetector\build\srdet.dir\debug\srdet.tlog\cl.read.1.tlog
d:\detector\srdetector\build\srdet.dir\debug\srdet.tlog\cl.write.1.tlog
d:\detector\srdetector\build\srdet.dir\debug\srdet.tlog\custombuild.command.1.tlog
d:\detector\srdetector\build\srdet.dir\debug\srdet.tlog\custombuild.read.1.tlog
d:\detector\srdetector\build\srdet.dir\debug\srdet.tlog\custombuild.write.1.tlog
d:\detector\srdetector\build\srdet.dir\debug\srdet.tlog\link.command.1.tlog
d:\detector\srdetector\build\srdet.dir\debug\srdet.tlog\link.read.1.tlog
d:\detector\srdetector\build\srdet.dir\debug\srdet.tlog\link.secondary.1.tlog
d:\detector\srdetector\build\srdet.dir\debug\srdet.tlog\link.write.1.tlog
